<?xml version="1.0" encoding="UTF-8"?>
<!-- Generated by org.testng.reporters.JUnitXMLReporter -->
<testsuite hostname="FAHIM-AHMED1988" ignored="1" name="Default test" tests="1" failures="0" timestamp="23 Sep 2019 00:10:23 GMT" time="5.496" errors="0">
  <testcase name="testHoveringElement" time="0.206" classname="ebayWebApp.webAutoApp.testHomePage"/>
  <testcase name="testSearchItem" time="0.0" classname="ebayWebApp.webAutoApp.testHomePage">
    <ignored/>
  </testcase> <!-- testSearchItem -->
</testsuite> <!-- Default test -->
