<?xml version="1.0" encoding="UTF-8"?>
<testng-results skipped="0" failed="0" ignored="1" total="2" passed="1">
  <reporter-output>
  </reporter-output>
  <suite name="Default suite" duration-ms="5496" started-at="2019-09-23T00:10:18Z" finished-at="2019-09-23T00:10:23Z">
    <groups>
    </groups>
    <test name="Default test" duration-ms="5496" started-at="2019-09-23T00:10:18Z" finished-at="2019-09-23T00:10:23Z">
      <class name="ebayWebApp.webAutoApp.testHomePage">
        <test-method status="PASS" signature="reporter()[pri:0, instance:ebayWebApp.webAutoApp.testHomePage@eec5a4a]" name="reporter" is-config="true" duration-ms="139" started-at="2019-09-23T00:10:17Z" finished-at="2019-09-23T00:10:18Z">
          <reporter-output>
          </reporter-output>
        </test-method> <!-- reporter -->
        <test-method status="PASS" signature="setUP()[pri:0, instance:ebayWebApp.webAutoApp.testHomePage@eec5a4a]" name="setUP" is-config="true" duration-ms="5263" started-at="2019-09-23T00:10:18Z" finished-at="2019-09-23T00:10:23Z">
          <reporter-output>
          </reporter-output>
        </test-method> <!-- setUP -->
        <test-method status="PASS" signature="testHoveringElement()[pri:0, instance:ebayWebApp.webAutoApp.testHomePage@eec5a4a]" name="testHoveringElement" duration-ms="206" started-at="2019-09-23T00:10:23Z" finished-at="2019-09-23T00:10:23Z">
          <reporter-output>
          </reporter-output>
        </test-method> <!-- testHoveringElement -->
        <test-method status="PASS" signature="tearDown()[pri:0, instance:ebayWebApp.webAutoApp.testHomePage@eec5a4a]" name="tearDown" is-config="true" duration-ms="1" started-at="2019-09-23T00:10:23Z" finished-at="2019-09-23T00:10:23Z">
          <reporter-output>
          </reporter-output>
        </test-method> <!-- tearDown -->
      </class> <!-- ebayWebApp.webAutoApp.testHomePage -->
    </test> <!-- Default test -->
  </suite> <!-- Default suite -->
</testng-results>
